Build started 12/3/2014 9:16:58 PM.
     1>Project "C:\CryptoPP\kollu-polani\kollu-polani\kollu-polani.vcxproj" on node 2 (Build target(s)).
     1>ClCompile:
         C:\Program Files (x86)\Microsoft Visual Studio 12.0\VC\bin\CL.exe /c /Zi /nologo /W3 /WX- /sdl /O2 /Oi /Oy- /GL /D WIN32 /D NDEBUG /D _CONSOLE /D _LIB /D _UNICODE /D UNICODE /Gm- /EHsc /MD /GS /Gy /fp:precise /Zc:wchar_t /Zc:forScope /Fo"Release\\" /Fd"Release\vc120.pdb" /Gd /TP /analyze- /errorReport:prompt recover.cpp
         recover.cpp
       Link:
         C:\Program Files (x86)\Microsoft Visual Studio 12.0\VC\bin\link.exe /ERRORREPORT:PROMPT /OUT:"C:\CryptoPP\kollu-polani\Release\kollu-polani.exe" /INCREMENTAL:NO /NOLOGO kernel32.lib user32.lib gdi32.lib winspool.lib comdlg32.lib advapi32.lib shell32.lib ole32.lib oleaut32.lib uuid.lib odbc32.lib odbccp32.lib /MANIFEST /MANIFESTUAC:"level='asInvoker' uiAccess='false'" /manifest:embed /DEBUG /PDB:"C:\CryptoPP\kollu-polani\Release\kollu-polani.pdb" /SUBSYSTEM:CONSOLE /OPT:REF /OPT:ICF /LTCG /TLBID:1 /DYNAMICBASE /NXCOMPAT /IMPLIB:"C:\CryptoPP\kollu-polani\Release\kollu-polani.lib" /MACHINE:X86 /SAFESEH Release\authorize.obj
         Release\preprocess.obj
         Release\recover.obj
     1>authorize.obj : error LNK2001: unresolved external symbol "public: virtual bool __thiscall CryptoPP::Store::GetNextMessage(void)" (?GetNextMessage@Store@CryptoPP@@UAE_NXZ)
     1>authorize.obj : error LNK2001: unresolved external symbol "private: virtual void __thiscall CryptoPP::StringStore::StoreInitialize(class CryptoPP::NameValuePairs const &)" (?StoreInitialize@StringStore@CryptoPP@@EAEXABVNameValuePairs@2@@Z)
     1>authorize.obj : error LNK2001: unresolved external symbol "public: virtual unsigned int __thiscall CryptoPP::StringStore::CopyRangeTo2(class CryptoPP::BufferedTransformation &,unsigned __int64 &,unsigned __int64,class std::basic_string<char,struct std::char_traits<char>,class std::allocator<char> > const &,bool)const " (?CopyRangeTo2@StringStore@CryptoPP@@UBEIAAVBufferedTransformation@2@AA_K_KABV?$basic_string@DU?$char_traits@D@std@@V?$allocator@D@2@@std@@_N@Z)
     1>authorize.obj : error LNK2001: unresolved external symbol "public: virtual unsigned int __thiscall CryptoPP::StringStore::TransferTo2(class CryptoPP::BufferedTransformation &,unsigned __int64 &,class std::basic_string<char,struct std::char_traits<char>,class std::allocator<char> > const &,bool)" (?TransferTo2@StringStore@CryptoPP@@UAEIAAVBufferedTransformation@2@AA_KABV?$basic_string@DU?$char_traits@D@std@@V?$allocator@D@2@@std@@_N@Z)
     1>authorize.obj : error LNK2001: unresolved external symbol "public: __thiscall CryptoPP::Algorithm::Algorithm(bool)" (??0Algorithm@CryptoPP@@QAE@_N@Z)
     1>authorize.obj : error LNK2001: unresolved external symbol "void __cdecl CryptoPP::UnalignedDeallocate(void *)" (?UnalignedDeallocate@CryptoPP@@YAXPAX@Z)
     1>authorize.obj : error LNK2001: unresolved external symbol "void __cdecl CryptoPP::AlignedDeallocate(void *)" (?AlignedDeallocate@CryptoPP@@YAXPAX@Z)
     1>authorize.obj : error LNK2001: unresolved external symbol "public: virtual void __thiscall CryptoPP::ProxyFilter::NextPutModifiable(unsigned char *,unsigned int)" (?NextPutModifiable@ProxyFilter@CryptoPP@@UAEXPAEI@Z)
     1>authorize.obj : error LNK2001: unresolved external symbol "public: virtual void __thiscall CryptoPP::ProxyFilter::NextPutMultiple(unsigned char const *,unsigned int)" (?NextPutMultiple@ProxyFilter@CryptoPP@@UAEXPBEI@Z)
     1>authorize.obj : error LNK2001: unresolved external symbol "public: virtual bool __thiscall CryptoPP::ProxyFilter::IsolatedFlush(bool,bool)" (?IsolatedFlush@ProxyFilter@CryptoPP@@UAE_N_N0@Z)
     1>authorize.obj : error LNK2001: unresolved external symbol "public: __thiscall CryptoPP::ProxyFilter::ProxyFilter(class CryptoPP::BufferedTransformation *,unsigned int,unsigned int,class CryptoPP::BufferedTransformation *)" (??0ProxyFilter@CryptoPP@@QAE@PAVBufferedTransformation@1@II0@Z)
     1>authorize.obj : error LNK2001: unresolved external symbol "public: virtual void __thiscall CryptoPP::IteratedHashBase<unsigned int,class CryptoPP::HashTransformation>::TruncatedFinal(unsigned char *,unsigned int)" (?TruncatedFinal@?$IteratedHashBase@IVHashTransformation@CryptoPP@@@CryptoPP@@UAEXPAEI@Z)
     1>authorize.obj : error LNK2001: unresolved external symbol "public: virtual void __thiscall CryptoPP::IteratedHashBase<unsigned int,class CryptoPP::HashTransformation>::Restart(void)" (?Restart@?$IteratedHashBase@IVHashTransformation@CryptoPP@@@CryptoPP@@UAEXXZ)
     1>authorize.obj : error LNK2001: unresolved external symbol "public: virtual unsigned char * __thiscall CryptoPP::IteratedHashBase<unsigned int,class CryptoPP::HashTransformation>::CreateUpdateSpace(unsigned int &)" (?CreateUpdateSpace@?$IteratedHashBase@IVHashTransformation@CryptoPP@@@CryptoPP@@UAEPAEAAI@Z)
     1>authorize.obj : error LNK2001: unresolved external symbol "public: virtual void __thiscall CryptoPP::IteratedHashBase<unsigned int,class CryptoPP::HashTransformation>::Update(unsigned char const *,unsigned int)" (?Update@?$IteratedHashBase@IVHashTransformation@CryptoPP@@@CryptoPP@@UAEXPBEI@Z)
     1>authorize.obj : error LNK2001: unresolved external symbol "public: virtual unsigned int __thiscall CryptoPP::Grouper::Put2(unsigned char const *,unsigned int,int,bool)" (?Put2@Grouper@CryptoPP@@UAEIPBEIH_N@Z)
     1>authorize.obj : error LNK2001: unresolved external symbol "public: virtual void __thiscall CryptoPP::Grouper::IsolatedInitialize(class CryptoPP::NameValuePairs const &)" (?IsolatedInitialize@Grouper@CryptoPP@@UAEXABVNameValuePairs@2@@Z)
     1>authorize.obj : error LNK2001: unresolved external symbol "public: virtual void __thiscall CryptoPP::HMAC_Base::TruncatedFinal(unsigned char *,unsigned int)" (?TruncatedFinal@HMAC_Base@CryptoPP@@UAEXPAEI@Z)
     1>authorize.obj : error LNK2001: unresolved external symbol "public: virtual void __thiscall CryptoPP::HMAC_Base::Update(unsigned char const *,unsigned int)" (?Update@HMAC_Base@CryptoPP@@UAEXPBEI@Z)
     1>authorize.obj : error LNK2001: unresolved external symbol "public: virtual void __thiscall CryptoPP::HMAC_Base::Restart(void)" (?Restart@HMAC_Base@CryptoPP@@UAEXXZ)
     1>authorize.obj : error LNK2001: unresolved external symbol "public: virtual void __thiscall CryptoPP::HMAC_Base::UncheckedSetKey(unsigned char const *,unsigned int,class CryptoPP::NameValuePairs const &)" (?UncheckedSetKey@HMAC_Base@CryptoPP@@UAEXPBEIABVNameValuePairs@2@@Z)
     1>authorize.obj : error LNK2001: unresolved external symbol "void * __cdecl CryptoPP::AlignedAllocate(unsigned int)" (?AlignedAllocate@CryptoPP@@YAPAXI@Z)
     1>authorize.obj : error LNK2001: unresolved external symbol "protected: virtual class CryptoPP::BufferedTransformation * __thiscall CryptoPP::Filter::NewDefaultAttachment(void)const " (?NewDefaultAttachment@Filter@CryptoPP@@MBEPAVBufferedTransformation@2@XZ)
     1>authorize.obj : error LNK2001: unresolved external symbol "public: virtual bool __thiscall CryptoPP::Filter::MessageSeriesEnd(int,bool)" (?MessageSeriesEnd@Filter@CryptoPP@@UAE_NH_N@Z)
     1>authorize.obj : error LNK2001: unresolved external symbol "public: virtual bool __thiscall CryptoPP::Filter::Flush(bool,int,bool)" (?Flush@Filter@CryptoPP@@UAE_N_NH0@Z)
     1>authorize.obj : error LNK2001: unresolved external symbol "public: virtual void __thiscall CryptoPP::Filter::Initialize(class CryptoPP::NameValuePairs const &,int)" (?Initialize@Filter@CryptoPP@@UAEXABVNameValuePairs@2@H@Z)
     1>authorize.obj : error LNK2001: unresolved external symbol "public: virtual unsigned int __thiscall CryptoPP::Filter::CopyRangeTo2(class CryptoPP::BufferedTransformation &,unsigned __int64 &,unsigned __int64,class std::basic_string<char,struct std::char_traits<char>,class std::allocator<char> > const &,bool)const " (?CopyRangeTo2@Filter@CryptoPP@@UBEIAAVBufferedTransformation@2@AA_K_KABV?$basic_string@DU?$char_traits@D@std@@V?$allocator@D@2@@std@@_N@Z)
     1>authorize.obj : error LNK2001: unresolved external symbol "public: virtual unsigned int __thiscall CryptoPP::Filter::TransferTo2(class CryptoPP::BufferedTransformation &,unsigned __int64 &,class std::basic_string<char,struct std::char_traits<char>,class std::allocator<char> > const &,bool)" (?TransferTo2@Filter@CryptoPP@@UAEIAAVBufferedTransformation@2@AA_KABV?$basic_string@DU?$char_traits@D@std@@V?$allocator@D@2@@std@@_N@Z)
     1>authorize.obj : error LNK2001: unresolved external symbol "public: virtual void __thiscall CryptoPP::Filter::Detach(class CryptoPP::BufferedTransformation *)" (?Detach@Filter@CryptoPP@@UAEXPAVBufferedTransformation@2@@Z)
     1>authorize.obj : error LNK2001: unresolved external symbol "public: virtual class CryptoPP::BufferedTransformation * __thiscall CryptoPP::Filter::AttachedTransformation(void)" (?AttachedTransformation@Filter@CryptoPP@@UAEPAVBufferedTransformation@2@XZ)
     1>authorize.obj : error LNK2001: unresolved external symbol "public: virtual class CryptoPP::BufferedTransformation const * __thiscall CryptoPP::Filter::AttachedTransformation(void)const " (?AttachedTransformation@Filter@CryptoPP@@UBEPBVBufferedTransformation@2@XZ)
     1>authorize.obj : error LNK2001: unresolved external symbol "public: __thiscall CryptoPP::Filter::Filter(class CryptoPP::BufferedTransformation *)" (??0Filter@CryptoPP@@QAE@PAVBufferedTransformation@1@@Z)
     1>authorize.obj : error LNK2001: unresolved external symbol "public: virtual void __thiscall CryptoPP::BufferedTransformation::Attach(class CryptoPP::BufferedTransformation *)" (?Attach@BufferedTransformation@CryptoPP@@UAEXPAV12@@Z)
     1>authorize.obj : error LNK2001: unresolved external symbol "public: virtual void __thiscall CryptoPP::BufferedTransformation::SetRetrievalChannel(class std::basic_string<char,struct std::char_traits<char>,class std::allocator<char> > const &)" (?SetRetrievalChannel@BufferedTransformation@CryptoPP@@UAEXABV?$basic_string@DU?$char_traits@D@std@@V?$allocator@D@2@@std@@@Z)
     1>authorize.obj : error LNK2001: unresolved external symbol "public: virtual bool __thiscall CryptoPP::BufferedTransformation::ChannelMessageSeriesEnd(class std::basic_string<char,struct std::char_traits<char>,class std::allocator<char> > const &,int,bool)" (?ChannelMessageSeriesEnd@BufferedTransformation@CryptoPP@@UAE_NABV?$basic_string@DU?$char_traits@D@std@@V?$allocator@D@2@@std@@H_N@Z)
     1>authorize.obj : error LNK2001: unresolved external symbol "public: virtual bool __thiscall CryptoPP::BufferedTransformation::ChannelFlush(class std::basic_string<char,struct std::char_traits<char>,class std::allocator<char> > const &,bool,int,bool)" (?ChannelFlush@BufferedTransformation@CryptoPP@@UAE_NABV?$basic_string@DU?$char_traits@D@std@@V?$allocator@D@2@@std@@_NH1@Z)
     1>authorize.obj : error LNK2001: unresolved external symbol "public: virtual unsigned int __thiscall CryptoPP::BufferedTransformation::ChannelPutModifiable2(class std::basic_string<char,struct std::char_traits<char>,class std::allocator<char> > const &,unsigned char *,unsigned int,int,bool)" (?ChannelPutModifiable2@BufferedTransformation@CryptoPP@@UAEIABV?$basic_string@DU?$char_traits@D@std@@V?$allocator@D@2@@std@@PAEIH_N@Z)
     1>authorize.obj : error LNK2001: unresolved external symbol "public: virtual unsigned int __thiscall CryptoPP::BufferedTransformation::ChannelPut2(class std::basic_string<char,struct std::char_traits<char>,class std::allocator<char> > const &,unsigned char const *,unsigned int,int,bool)" (?ChannelPut2@BufferedTransformation@CryptoPP@@UAEIABV?$basic_string@DU?$char_traits@D@std@@V?$allocator@D@2@@std@@PBEIH_N@Z)
     1>authorize.obj : error LNK2001: unresolved external symbol "public: virtual unsigned char * __thiscall CryptoPP::BufferedTransformation::ChannelCreatePutSpace(class std::basic_string<char,struct std::char_traits<char>,class std::allocator<char> > const &,unsigned int &)" (?ChannelCreatePutSpace@BufferedTransformation@CryptoPP@@UAEPAEABV?$basic_string@DU?$char_traits@D@std@@V?$allocator@D@2@@std@@AAI@Z)
     1>authorize.obj : error LNK2001: unresolved external symbol "public: unsigned int __thiscall CryptoPP::BufferedTransformation::TransferAllTo2(class CryptoPP::BufferedTransformation &,class std::basic_string<char,struct std::char_traits<char>,class std::allocator<char> > const &,bool)" (?TransferAllTo2@BufferedTransformation@CryptoPP@@QAEIAAV12@ABV?$basic_string@DU?$char_traits@D@std@@V?$allocator@D@2@@std@@_N@Z)
     1>authorize.obj : error LNK2001: unresolved external symbol "public: unsigned int __thiscall CryptoPP::BufferedTransformation::TransferMessagesTo2(class CryptoPP::BufferedTransformation &,unsigned int &,class std::basic_string<char,struct std::char_traits<char>,class std::allocator<char> > const &,bool)" (?TransferMessagesTo2@BufferedTransformation@CryptoPP@@QAEIAAV12@AAIABV?$basic_string@DU?$char_traits@D@std@@V?$allocator@D@2@@std@@_N@Z)
     1>authorize.obj : error LNK2001: unresolved external symbol "public: virtual void __thiscall CryptoPP::BufferedTransformation::SkipAll(void)" (?SkipAll@BufferedTransformation@CryptoPP@@UAEXXZ)
     1>authorize.obj : error LNK2001: unresolved external symbol "public: virtual unsigned int __thiscall CryptoPP::BufferedTransformation::SkipMessages(unsigned int)" (?SkipMessages@BufferedTransformation@CryptoPP@@UAEII@Z)
     1>authorize.obj : error LNK2001: unresolved external symbol "public: virtual bool __thiscall CryptoPP::BufferedTransformation::GetNextMessage(void)" (?GetNextMessage@BufferedTransformation@CryptoPP@@UAE_NXZ)
     1>authorize.obj : error LNK2001: unresolved external symbol "public: virtual bool __thiscall CryptoPP::BufferedTransformation::AnyMessages(void)const " (?AnyMessages@BufferedTransformation@CryptoPP@@UBE_NXZ)
     1>authorize.obj : error LNK2001: unresolved external symbol "public: virtual unsigned int __thiscall CryptoPP::BufferedTransformation::NumberOfMessages(void)const " (?NumberOfMessages@BufferedTransformation@CryptoPP@@UBEIXZ)
     1>authorize.obj : error LNK2001: unresolved external symbol "public: virtual unsigned __int64 __thiscall CryptoPP::BufferedTransformation::TotalBytesRetrievable(void)const " (?TotalBytesRetrievable@BufferedTransformation@CryptoPP@@UBE_KXZ)
     1>authorize.obj : error LNK2001: unresolved external symbol "public: virtual unsigned __int64 __thiscall CryptoPP::BufferedTransformation::Skip(unsigned __int64)" (?Skip@BufferedTransformation@CryptoPP@@UAE_K_K@Z)
     1>authorize.obj : error LNK2001: unresolved external symbol "public: virtual unsigned int __thiscall CryptoPP::BufferedTransformation::Peek(unsigned char &)const " (?Peek@BufferedTransformation@CryptoPP@@UBEIAAE@Z)
     1>authorize.obj : error LNK2001: unresolved external symbol "public: virtual unsigned int __thiscall CryptoPP::BufferedTransformation::Peek(unsigned char *,unsigned int)const " (?Peek@BufferedTransformation@CryptoPP@@UBEIPAEI@Z)
     1>authorize.obj : error LNK2001: unresolved external symbol "public: virtual unsigned int __thiscall CryptoPP::BufferedTransformation::Get(unsigned char &)" (?Get@BufferedTransformation@CryptoPP@@UAEIAAE@Z)
     1>authorize.obj : error LNK2001: unresolved external symbol "public: virtual unsigned int __thiscall CryptoPP::BufferedTransformation::Get(unsigned char *,unsigned int)" (?Get@BufferedTransformation@CryptoPP@@UAEIPAEI@Z)
     1>authorize.obj : error LNK2001: unresolved external symbol "public: virtual bool __thiscall CryptoPP::BufferedTransformation::AnyRetrievable(void)const " (?AnyRetrievable@BufferedTransformation@CryptoPP@@UBE_NXZ)
     1>authorize.obj : error LNK2001: unresolved external symbol "public: virtual unsigned __int64 __thiscall CryptoPP::BufferedTransformation::MaxRetrievable(void)const " (?MaxRetrievable@BufferedTransformation@CryptoPP@@UBE_KXZ)
     1>authorize.obj : error LNK2001: unresolved external symbol "public: virtual bool __thiscall CryptoPP::BufferedTransformation::MessageSeriesEnd(int,bool)" (?MessageSeriesEnd@BufferedTransformation@CryptoPP@@UAE_NH_N@Z)
     1>authorize.obj : error LNK2001: unresolved external symbol "public: virtual bool __thiscall CryptoPP::BufferedTransformation::Flush(bool,int,bool)" (?Flush@BufferedTransformation@CryptoPP@@UAE_N_NH0@Z)
     1>authorize.obj : error LNK2001: unresolved external symbol "public: virtual void __thiscall CryptoPP::BufferedTransformation::Initialize(class CryptoPP::NameValuePairs const &,int)" (?Initialize@BufferedTransformation@CryptoPP@@UAEXABVNameValuePairs@2@H@Z)
     1>authorize.obj : error LNK2001: unresolved external symbol "public: virtual void __thiscall CryptoPP::BufferedTransformation::GetWaitObjects(class CryptoPP::WaitObjectContainer &,class CryptoPP::CallStack const &)" (?GetWaitObjects@BufferedTransformation@CryptoPP@@UAEXAAVWaitObjectContainer@2@ABVCallStack@2@@Z)
     1>authorize.obj : error LNK2001: unresolved external symbol "public: virtual unsigned int __thiscall CryptoPP::BufferedTransformation::GetMaxWaitObjectCount(void)const " (?GetMaxWaitObjectCount@BufferedTransformation@CryptoPP@@UBEIXZ)
     1>authorize.obj : error LNK2001: unresolved external symbol "public: __thiscall CryptoPP::HashFilter::HashFilter(class CryptoPP::HashTransformation &,class CryptoPP::BufferedTransformation *,bool,int,class std::basic_string<char,struct std::char_traits<char>,class std::allocator<char> > const &,class std::basic_string<char,struct std::char_traits<char>,class std::allocator<char> > const &)" (??0HashFilter@CryptoPP@@QAE@AAVHashTransformation@1@PAVBufferedTransformation@1@_NHABV?$basic_string@DU?$char_traits@D@std@@V?$allocator@D@2@@std@@3@Z)
     1>authorize.obj : error LNK2001: unresolved external symbol "protected: unsigned int __thiscall CryptoPP::FilterWithBufferedInput::PutMaybeModifiable(unsigned char *,unsigned int,int,bool,bool)" (?PutMaybeModifiable@FilterWithBufferedInput@CryptoPP@@IAEIPAEIH_N1@Z)
     1>authorize.obj : error LNK2001: unresolved external symbol "public: virtual void __thiscall CryptoPP::FilterWithBufferedInput::IsolatedInitialize(class CryptoPP::NameValuePairs const &)" (?IsolatedInitialize@FilterWithBufferedInput@CryptoPP@@UAEXABVNameValuePairs@2@@Z)
     1>authorize.obj : error LNK2001: unresolved external symbol "class CryptoPP::NameValuePairs const & const CryptoPP::g_nullNameValuePairs" (?g_nullNameValuePairs@CryptoPP@@3ABVNameValuePairs@1@B)
     1>authorize.obj : error LNK2001: unresolved external symbol "bool (__cdecl* CryptoPP::g_pAssignIntToInteger)(class type_info const &,void *,void const *)" (?g_pAssignIntToInteger@CryptoPP@@3P6A_NABVtype_info@@PAXPBX@ZA)
     1>authorize.obj : error LNK2001: unresolved external symbol "class std::basic_string<char,struct std::char_traits<char>,class std::allocator<char> > const CryptoPP::DEFAULT_CHANNEL" (?DEFAULT_CHANNEL@CryptoPP@@3V?$basic_string@DU?$char_traits@D@std@@V?$allocator@D@2@@std@@B)
     1>authorize.obj : error LNK2001: unresolved external symbol "public: __thiscall CryptoPP::AlgorithmParameters::AlgorithmParameters(void)" (??0AlgorithmParameters@CryptoPP@@QAE@XZ)
     1>authorize.obj : error LNK2001: unresolved external symbol "public: __thiscall CryptoPP::AlgorithmParameters::AlgorithmParameters(class CryptoPP::AlgorithmParameters const &)" (??0AlgorithmParameters@CryptoPP@@QAE@ABV01@@Z)
     1>authorize.obj : error LNK2001: unresolved external symbol "public: virtual void __thiscall CryptoPP::HexEncoder::IsolatedInitialize(class CryptoPP::NameValuePairs const &)" (?IsolatedInitialize@HexEncoder@CryptoPP@@UAEXABVNameValuePairs@2@@Z)
     1>authorize.obj : error LNK2001: unresolved external symbol "public: virtual void __thiscall CryptoPP::Base64Encoder::IsolatedInitialize(class CryptoPP::NameValuePairs const &)" (?IsolatedInitialize@Base64Encoder@CryptoPP@@UAEXABVNameValuePairs@2@@Z)
     1>authorize.obj : error LNK2001: unresolved external symbol "public: virtual unsigned int __thiscall CryptoPP::BaseN_Encoder::Put2(unsigned char const *,unsigned int,int,bool)" (?Put2@BaseN_Encoder@CryptoPP@@UAEIPBEIH_N@Z)
     1>authorize.obj : error LNK2001: unresolved external symbol "public: virtual void __thiscall CryptoPP::BaseN_Encoder::IsolatedInitialize(class CryptoPP::NameValuePairs const &)" (?IsolatedInitialize@BaseN_Encoder@CryptoPP@@UAEXABVNameValuePairs@2@@Z)
     1>authorize.obj : error LNK2001: unresolved external symbol "public: static void __cdecl CryptoPP::SHA256::Transform(unsigned int *,unsigned int const *)" (?Transform@SHA256@CryptoPP@@SAXPAIPBI@Z)
     1>authorize.obj : error LNK2001: unresolved external symbol "public: static void __cdecl CryptoPP::SHA256::InitState(unsigned int *)" (?InitState@SHA256@CryptoPP@@SAXPAI@Z)
     1>authorize.obj : error LNK2001: unresolved external symbol "public: virtual unsigned int __thiscall CryptoPP::SHA256::HashMultipleBlocks(unsigned int const *,unsigned int)" (?HashMultipleBlocks@SHA256@CryptoPP@@UAEIPBII@Z)
     1>authorize.obj : error LNK2001: unresolved external symbol "void * __cdecl CryptoPP::UnalignedAllocate(unsigned int)" (?UnalignedAllocate@CryptoPP@@YAPAXI@Z)
     1>authorize.obj : error LNK2001: unresolved external symbol "public: virtual void __thiscall CryptoPP::SimpleKeyingInterface::GetNextIV(class CryptoPP::RandomNumberGenerator &,unsigned char *)" (?GetNextIV@SimpleKeyingInterface@CryptoPP@@UAEXAAVRandomNumberGenerator@2@PAE@Z)
     1>authorize.obj : error LNK2001: unresolved external symbol "public: virtual void __thiscall CryptoPP::SimpleKeyingInterface::SetKey(unsigned char const *,unsigned int,class CryptoPP::NameValuePairs const &)" (?SetKey@SimpleKeyingInterface@CryptoPP@@UAEXPBEIABVNameValuePairs@2@@Z)
     1>authorize.obj : error LNK2001: unresolved external symbol "public: virtual bool __thiscall CryptoPP::HashTransformation::TruncatedVerify(unsigned char const *,unsigned int)" (?TruncatedVerify@HashTransformation@CryptoPP@@UAE_NPBEI@Z)
     1>authorize.obj : error LNK2001: unresolved external symbol "public: virtual unsigned int __thiscall CryptoPP::HashTransformation::OptimalDataAlignment(void)const " (?OptimalDataAlignment@HashTransformation@CryptoPP@@UBEIXZ)
     1>preprocess.obj : error LNK2001: unresolved external symbol "public: virtual void __thiscall CryptoPP::CBC_Encryption::ProcessData(unsigned char *,unsigned char const *,unsigned int)" (?ProcessData@CBC_Encryption@CryptoPP@@UAEXPAEPBEI@Z)
     1>preprocess.obj : error LNK2001: unresolved external symbol "public: virtual void __thiscall CryptoPP::StreamTransformation::ProcessLastBlock(unsigned char *,unsigned char const *,unsigned int)" (?ProcessLastBlock@StreamTransformation@CryptoPP@@UAEXPAEPBEI@Z)
     1>preprocess.obj : error LNK2001: unresolved external symbol "public: virtual void __thiscall CryptoPP::BlockOrientedCipherModeBase::UncheckedSetKey(unsigned char const *,unsigned int,class CryptoPP::NameValuePairs const &)" (?UncheckedSetKey@BlockOrientedCipherModeBase@CryptoPP@@UAEXPBEIABVNameValuePairs@2@@Z)
     1>preprocess.obj : error LNK2001: unresolved external symbol "public: virtual void __thiscall CryptoPP::RandomNumberGenerator::DiscardBytes(unsigned int)" (?DiscardBytes@RandomNumberGenerator@CryptoPP@@UAEXI@Z)
     1>preprocess.obj : error LNK2001: unresolved external symbol "public: virtual void __thiscall CryptoPP::RandomNumberGenerator::GenerateBlock(unsigned char *,unsigned int)" (?GenerateBlock@RandomNumberGenerator@CryptoPP@@UAEXPAEI@Z)
     1>preprocess.obj : error LNK2001: unresolved external symbol "public: virtual unsigned int __thiscall CryptoPP::RandomNumberGenerator::GenerateWord32(unsigned int,unsigned int)" (?GenerateWord32@RandomNumberGenerator@CryptoPP@@UAEIII@Z)
     1>preprocess.obj : error LNK2001: unresolved external symbol "public: virtual unsigned int __thiscall CryptoPP::RandomNumberGenerator::GenerateBit(void)" (?GenerateBit@RandomNumberGenerator@CryptoPP@@UAEIXZ)
     1>preprocess.obj : error LNK2001: unresolved external symbol "public: virtual unsigned char __thiscall CryptoPP::RandomNumberGenerator::GenerateByte(void)" (?GenerateByte@RandomNumberGenerator@CryptoPP@@UAEEXZ)
     1>preprocess.obj : error LNK2001: unresolved external symbol "public: virtual unsigned int __thiscall CryptoPP::BlockTransformation::OptimalDataAlignment(void)const " (?OptimalDataAlignment@BlockTransformation@CryptoPP@@UBEIXZ)
     1>preprocess.obj : error LNK2001: unresolved external symbol "public: void __thiscall CryptoPP::AutoSeededRandomPool::Reseed(bool,unsigned int)" (?Reseed@AutoSeededRandomPool@CryptoPP@@QAEX_NI@Z)
     1>preprocess.obj : error LNK2001: unresolved external symbol "public: __thiscall CryptoPP::StreamTransformationFilter::StreamTransformationFilter(class CryptoPP::StreamTransformation &,class CryptoPP::BufferedTransformation *,enum CryptoPP::BlockPaddingSchemeDef::BlockPaddingScheme,bool)" (??0StreamTransformationFilter@CryptoPP@@QAE@AAVStreamTransformation@1@PAVBufferedTransformation@1@W4BlockPaddingScheme@BlockPaddingSchemeDef@1@_N@Z)
     1>preprocess.obj : error LNK2001: unresolved external symbol "public: virtual unsigned int __thiscall CryptoPP::Rijndael::Enc::AdvancedProcessBlocks(unsigned char const *,unsigned char const *,unsigned char *,unsigned int,unsigned int)const " (?AdvancedProcessBlocks@Enc@Rijndael@CryptoPP@@UBEIPBE0PAEII@Z)
     1>preprocess.obj : error LNK2001: unresolved external symbol "public: virtual void __thiscall CryptoPP::Rijndael::Enc::ProcessAndXorBlock(unsigned char const *,unsigned char const *,unsigned char *)const " (?ProcessAndXorBlock@Enc@Rijndael@CryptoPP@@UBEXPBE0PAE@Z)
     1>preprocess.obj : error LNK2001: unresolved external symbol "public: virtual void __thiscall CryptoPP::Rijndael::Base::UncheckedSetKey(unsigned char const *,unsigned int,class CryptoPP::NameValuePairs const &)" (?UncheckedSetKey@Base@Rijndael@CryptoPP@@UAEXPBEIABVNameValuePairs@3@@Z)
     1>preprocess.obj : error LNK2001: unresolved external symbol "public: virtual void __thiscall CryptoPP::RandomPool::GenerateIntoBufferedTransformation(class CryptoPP::BufferedTransformation &,class std::basic_string<char,struct std::char_traits<char>,class std::allocator<char> > const &,unsigned __int64)" (?GenerateIntoBufferedTransformation@RandomPool@CryptoPP@@UAEXAAVBufferedTransformation@2@ABV?$basic_string@DU?$char_traits@D@std@@V?$allocator@D@2@@std@@_K@Z)
     1>preprocess.obj : error LNK2001: unresolved external symbol "public: virtual void __thiscall CryptoPP::RandomPool::IncorporateEntropy(unsigned char const *,unsigned int)" (?IncorporateEntropy@RandomPool@CryptoPP@@UAEXPBEI@Z)
     1>preprocess.obj : error LNK2001: unresolved external symbol "public: __thiscall CryptoPP::RandomPool::RandomPool(void)" (??0RandomPool@CryptoPP@@QAE@XZ)
     1>preprocess.obj : error LNK2001: unresolved external symbol "protected: unsigned int __thiscall CryptoPP::SimpleKeyingInterface::ThrowIfInvalidIVLength(int)" (?ThrowIfInvalidIVLength@SimpleKeyingInterface@CryptoPP@@IAEIH@Z)
     1>preprocess.obj : error LNK2001: unresolved external symbol "protected: void __thiscall CryptoPP::SimpleKeyingInterface::ThrowIfInvalidIV(unsigned char const *)" (?ThrowIfInvalidIV@SimpleKeyingInterface@CryptoPP@@IAEXPBE@Z)
     1>recover.obj : error LNK2001: unresolved external symbol "public: virtual void __thiscall CryptoPP::CBC_Decryption::ProcessData(unsigned char *,unsigned char const *,unsigned int)" (?ProcessData@CBC_Decryption@CryptoPP@@UAEXPAEPBEI@Z)
     1>recover.obj : error LNK2001: unresolved external symbol "public: virtual unsigned int __thiscall CryptoPP::Rijndael::Dec::AdvancedProcessBlocks(unsigned char const *,unsigned char const *,unsigned char *,unsigned int,unsigned int)const " (?AdvancedProcessBlocks@Dec@Rijndael@CryptoPP@@UBEIPBE0PAEII@Z)
     1>recover.obj : error LNK2001: unresolved external symbol "public: virtual void __thiscall CryptoPP::Rijndael::Dec::ProcessAndXorBlock(unsigned char const *,unsigned char const *,unsigned char *)const " (?ProcessAndXorBlock@Dec@Rijndael@CryptoPP@@UBEXPBE0PAE@Z)
     1>C:\CryptoPP\kollu-polani\Release\kollu-polani.exe : fatal error LNK1120: 101 unresolved externals
     1>Done Building Project "C:\CryptoPP\kollu-polani\kollu-polani\kollu-polani.vcxproj" (Build target(s)) -- FAILED.

Build FAILED.

Time Elapsed 00:00:03.60
